success connet to db pro
App listening on port 3000!
adduser  usernamebfa18ca7-136b-4e90-b98b-8f33bda0c883
adduser  username60efbbc1-f46e-4256-9b90-258517673307
adduser  username18ea99e2-a0fd-4c71-8263-f85366cc5dd7
usernamebfa18ca7-136b-4e90-b98b-8f33bda0c883 signed up
username60efbbc1-f46e-4256-9b90-258517673307 signed up
email-check+usernamebfa18ca7-136b-4e90-b98b-8f33bda0c883@grading.cse356.compas.cs.stonybrook.edu  verifed
username18ea99e2-a0fd-4c71-8263-f85366cc5dd7 signed up
usernamebfa18ca7-136b-4e90-b98b-8f33bda0c883 try to loging: 
email-check+username60efbbc1-f46e-4256-9b90-258517673307@grading.cse356.compas.cs.stonybrook.edu  verifed
usernamebfa18ca7-136b-4e90-b98b-8f33bda0c883 logined
email-check+username18ea99e2-a0fd-4c71-8263-f85366cc5dd7@grading.cse356.compas.cs.stonybrook.edu  verifed
username60efbbc1-f46e-4256-9b90-258517673307 try to loging: 
username60efbbc1-f46e-4256-9b90-258517673307 logined
username18ea99e2-a0fd-4c71-8263-f85366cc5dd7 try to loging: 
username18ea99e2-a0fd-4c71-8263-f85366cc5dd7 logined
1
Email sent: 
1
Email sent: 
1
Email sent: 
adduser  username7e47b220-2b63-4a2f-83fb-bd9cd3aa8783
username7e47b220-2b63-4a2f-83fb-bd9cd3aa8783 signed up
adduser  username9ec67d78-5466-4d7c-ad55-2f6e3f4c10a6
username9ec67d78-5466-4d7c-ad55-2f6e3f4c10a6 signed up
find a user
adduser  username8f59860b-6a4b-4b3c-b0e6-b505706cef8b
username8f59860b-6a4b-4b3c-b0e6-b505706cef8b signed up
find question posed by user
find a user
find a user
1
Email sent: 
1
Email sent: 
1
Email sent: 
find a user
find a user
find user answer
find question posed by user
find question posed by user
find a user
adduser  username5480b47f-0564-4c74-a573-d2192afc8993
username5480b47f-0564-4c74-a573-d2192afc8993 signed up
find a user
adduser  usernamec15421e2-3454-4ad4-bc2a-5d453d17d236
usernamec15421e2-3454-4ad4-bc2a-5d453d17d236 signed up
1
Email sent: 
1
Email sent: 
find user answer
adduser  username862f1f63-a407-45c4-a2c8-50dd50b40059
username862f1f63-a407-45c4-a2c8-50dd50b40059 signed up
find a user
1
Email sent: 
find a user
adduser  username2a369db9-5903-448e-9ff6-1b7dc99419b2
username2a369db9-5903-448e-9ff6-1b7dc99419b2 signed up
find a user
find a user
1
Email sent: 
find question posed by user
find question posed by user
find question posed by user
find a user
find a user
find question posed by user
adduser  username3b830179-338d-460e-889d-e2d917ff937b
username3b830179-338d-460e-889d-e2d917ff937b signed up
find question posed by user
1
Email sent: 
find user answer
find question posed by user
email-check+username9ec67d78-5466-4d7c-ad55-2f6e3f4c10a6@grading.cse356.compas.cs.stonybrook.edu  verifed
find a user
adduser  username6ec87f74-533f-4eab-87c5-4351571aed8a
username6ec87f74-533f-4eab-87c5-4351571aed8a signed up
find question posed by user
1
Email sent: 
find question posed by user
find a user
find a user
find user answer
adduser  username3c4b2d06-21d7-46ea-8c93-8216bff79fc9
username3c4b2d06-21d7-46ea-8c93-8216bff79fc9 signed up
find a user
find question posed by user
1
Email sent: 
find question posed by user
adduser  username3e3e7bde-a4c8-4245-8413-5046b2727b2f
username3e3e7bde-a4c8-4245-8413-5046b2727b2f signed up
find question posed by user
find question posed by user
adduser  usernameefefbfe6-d189-45c1-bb99-c1531e811525
usernameefefbfe6-d189-45c1-bb99-c1531e811525 signed up
email-check+usernameefefbfe6-d189-45c1-bb99-c1531e811525@grading.cse356.compas.cs.stonybrook.edu  verifed
1
Email sent: 
1
Email sent: 
adduser  usernameba2aa88b-775a-41d9-80af-bc88426dad48
usernameba2aa88b-775a-41d9-80af-bc88426dad48 signed up
find question posed by user
find a user
find a user
1
Email sent: 
find user answer
find user answer
find question posed by user
find question posed by user
find user answer
find a user
adduser  username08026c0f-aa3d-468e-a457-720300bd8ace
username08026c0f-aa3d-468e-a457-720300bd8ace signed up
find a user
find a user
find user answer
1
Email sent: 
find question posed by user
find a user
find question posed by user
find a user
find user answer
find user answer
find a user
adduser  usernameb34c2544-768d-4aec-bf53-f35d483120c8
usernameb34c2544-768d-4aec-bf53-f35d483120c8 signed up
find question posed by user
find user answer
find a user
find question posed by user
1
Email sent: 
find user answer
email-check+usernameb34c2544-768d-4aec-bf53-f35d483120c8@grading.cse356.compas.cs.stonybrook.edu  verifed
find user answer
adduser  username701d223b-a2c9-47d8-b6c2-6827689466e4
username701d223b-a2c9-47d8-b6c2-6827689466e4 signed up
find a user
adduser  username26c32811-8557-4cb7-aca2-2024bc7fdb29
username26c32811-8557-4cb7-aca2-2024bc7fdb29 signed up
1
Email sent: 
1
Email sent: 
find question posed by user
find a user
find a user
find user answer
find a user
find a user
find a user
find a user
adduser  username62241b5b-da36-4a4e-9789-2b21718fdd51
username62241b5b-da36-4a4e-9789-2b21718fdd51 signed up
find a user
1
Email sent: 
find question posed by user
find user answer
find a user
find a user
find question posed by user
find user answer
find a user
find question posed by user
find a user
find a user
adduser  usernameb7d9cbfc-bfef-48ee-9f61-308c8b77835c
usernameb7d9cbfc-bfef-48ee-9f61-308c8b77835c signed up
find a user
1
Email sent: 
adduser  usernamea5dcb9e7-9462-4567-ad70-4730f1311794
usernamea5dcb9e7-9462-4567-ad70-4730f1311794 signed up
find a user
find a user
find a user
find user answer
1
Email sent: 
adduser  usernamea1942603-377d-497a-90fc-1ee2e68b0e22
usernamea1942603-377d-497a-90fc-1ee2e68b0e22 signed up
find user answer
adduser  username8ee2ef24-8a16-4302-a99d-8a7e7bbd9db3
username8ee2ef24-8a16-4302-a99d-8a7e7bbd9db3 signed up
find question posed by user
1
Email sent: 
adduser  usernamef3ad7570-4a60-4e7e-a9c0-0ae820993b4b
usernamef3ad7570-4a60-4e7e-a9c0-0ae820993b4b signed up
1
Email sent: 
find a user
1
Email sent: 
find question posed by user
find a user
adduser  usernamee8cddef6-9376-4bff-a058-1174db96c4fb
usernamee8cddef6-9376-4bff-a058-1174db96c4fb signed up
find a user
find a user
find a user
find a user
1
Email sent: 
find a user
find question posed by user
find a user
find a user
find question posed by user
find user answer
find user answer
find user answer
find a user
adduser  username46523cd8-0206-4ff3-baa5-60c455b30cac
username46523cd8-0206-4ff3-baa5-60c455b30cac signed up
find user answer
find user answer
adduser  username690ddc5e-6bd0-4ed9-9c2a-ee7490ebcbd6
username690ddc5e-6bd0-4ed9-9c2a-ee7490ebcbd6 signed up
find user answer
find user answer
1
Email sent: 
adduser  usernamec3a3181f-858d-42a7-bcae-06c0a4b0293d
usernamec3a3181f-858d-42a7-bcae-06c0a4b0293d signed up
adduser  username0dfea211-883f-4b42-80d5-8013fc2290c9
1
Email sent: 
username0dfea211-883f-4b42-80d5-8013fc2290c9 signed up
find user answer
find question posed by user
1
Email sent: 
1
Email sent: 
find user answer
find user answer
find question posed by user
find a user
find user answer
find a user
find a user
find a user
find a user
find a user
find a user
find user answer
find question posed by user
find user answer
find question posed by user
adduser  username25cd2e6d-7dec-4e39-af8b-7dbf668ae39e
username25cd2e6d-7dec-4e39-af8b-7dbf668ae39e signed up
adduser  username5f6182ea-d93b-46d4-ad35-849bf0a5f419
username5f6182ea-d93b-46d4-ad35-849bf0a5f419 signed up
find a user
find a user
1
Email sent: 
1
Email sent: 
find user answer
adduser  usernameb004e9d2-50e3-4ab1-b5e6-bc420f03424b
usernameb004e9d2-50e3-4ab1-b5e6-bc420f03424b signed up
find a user
1
Email sent: 
find user answer
find a user
adduser  usernamef1514c58-8484-4093-bd93-e8e697cda310
usernamef1514c58-8484-4093-bd93-e8e697cda310 signed up
adduser  usernamef61a0f87-7a11-4c19-ba66-b384493d239d
usernamef61a0f87-7a11-4c19-ba66-b384493d239d signed up
adduser  username68dea31c-1749-4efa-b3de-6cbd8b7b671d
username68dea31c-1749-4efa-b3de-6cbd8b7b671d signed up
1
Email sent: 
find user answer
1
Email sent: 
find user answer
1
Email sent: 
find question posed by user
find user answer
find user answer
find a user
find a user
find question posed by user
find a user
find user answer
find user answer
adduser  username662a96bb-91ba-4edb-8fd0-b89892d1035b
username662a96bb-91ba-4edb-8fd0-b89892d1035b signed up
adduser  usernamed8a79e01-0b23-4842-9b75-a49df40feeb4
usernamed8a79e01-0b23-4842-9b75-a49df40feeb4 signed up
find a user
1
Email sent: 
find question posed by user
find a user
find a user
1
Email sent: 
adduser  usernamef21b5dea-72c4-4c0b-8203-518a2053ec8e
usernamef21b5dea-72c4-4c0b-8203-518a2053ec8e signed up
find user answer
find question posed by user
find a user
1
Email sent: 
find user answer
find question posed by user
find a user
adduser  usernamea8a1883c-0584-434a-a45a-6a7b75669181
usernamea8a1883c-0584-434a-a45a-6a7b75669181 signed up
find question posed by user
find user answer
find question posed by user
adduser  usernamed4c4e2a7-c2c1-4599-9009-973897265b8c
usernamed4c4e2a7-c2c1-4599-9009-973897265b8c signed up
find question posed by user
find question posed by user
find a user
find user answer
find user answer
1
Email sent: 
1
Email sent: 
find user answer
find question posed by user
find a user
adduser  username1adc9751-1f0f-479f-b3ca-9bc7738a1114
username1adc9751-1f0f-479f-b3ca-9bc7738a1114 signed up
adduser  usernamed6e1d3f3-7666-4adc-8da6-b205132e4a3f
usernamed6e1d3f3-7666-4adc-8da6-b205132e4a3f signed up
find user answer
1
Email sent: 
adduser  username2f820762-6ae3-4e9b-b7f7-048e84576cfe
username2f820762-6ae3-4e9b-b7f7-048e84576cfe signed up
find user answer
1
Email sent: 
find a user
find question posed by user
1
Email sent: 
find user answer
find user answer
find user answer
find a user
email-check+username3c4b2d06-21d7-46ea-8c93-8216bff79fc9@grading.cse356.compas.cs.stonybrook.edu  verifed
email-check+usernamef1514c58-8484-4093-bd93-e8e697cda310@grading.cse356.compas.cs.stonybrook.edu  verifed
find user answer
adduser  username76ad4621-29b1-4818-9d1e-c9815067e422
username76ad4621-29b1-4818-9d1e-c9815067e422 signed up
find user answer
find question posed by user
adduser  usernamea05949c9-17c0-413d-8b79-ffe6bd205393
usernamea05949c9-17c0-413d-8b79-ffe6bd205393 signed up
find question posed by user
adduser  username61a8098c-bc97-46e8-94d6-56f43e315b9a
username61a8098c-bc97-46e8-94d6-56f43e315b9a signed up
1
Email sent: 
1
Email sent: 
1
Email sent: 
find user answer
find a user
find question posed by user
adduser  username4ad8bebb-7ffc-49d9-ae8c-1b8336544225
username4ad8bebb-7ffc-49d9-ae8c-1b8336544225 signed up
find question posed by user
find user answer
1
Email sent: 
find question posed by user
find question posed by user
find user answer
find a user
find question posed by user
find a user
email-check+usernamed4c4e2a7-c2c1-4599-9009-973897265b8c@grading.cse356.compas.cs.stonybrook.edu  verifed
find a user
find user answer
find question posed by user
find a user
adduser  user0
user0 signed up
email-check+user0@grading.cse356.compas.cs.stonybrook.edu  verifed
user0 try to loging: 
adduser  user332
user0 logined
adduser  user367
adduser  user3
user367 signed up
user332 signed up
adduser  user982
adduser  user12
user982 signed up
user12 signed up
user3 signed up
adduser  user511
adduser  user286
user511 signed up
user286 signed up
adduser  user106
adduser  user156
adduser  user613
user156 signed up
user106 signed up
user613 signed up
adduser  user713
adduser  user410
adduser  user231
user231 signed up
user713 signed up
user410 signed up
adduser  user701
adduser  user819
adduser  user158
user819 signed up
user701 signed up
user158 signed up
adduser  user746
user746 signed up
1
Email sent: 
1
Email sent: 
1
Email sent: 
1
Email sent: 
1
Email sent: 
1
Email sent: 
1
Email sent: 
1
Email sent: 
1
Email sent: 
1
Email sent: 
1
Email sent: 
1
Email sent: 
1
Email sent: 
1
Email sent: 
1
Email sent: 
1
Email sent: 
1
Email sent: 
1
Email sent: 
adduser  user151
user151 signed up
adduser  user21
user21 signed up
adduser  user565
user565 signed up
adduser  user868
adduser  user631
adduser  user183
adduser  user910
adduser  user167
user183 signed up
user868 signed up
user631 signed up
adduser  user203
adduser  user354
adduser  user267
adduser  user414
adduser  user96
adduser  user43
user203 signed up
user910 signed up
user167 signed up
user354 signed up
adduser  user642
adduser  user664
adduser  user810
user414 signed up
user267 signed up
user664 signed up
user43 signed up
user810 signed up
user96 signed up
user642 signed up
adduser  user841
adduser  user814
adduser  user8
user841 signed up
user814 signed up
user8 signed up
1
Email sent: 
1
Email sent: 
1
Email sent: 
1
Email sent: 
1
Email sent: 
1
Email sent: 
1
Email sent: 
1
Email sent: 
1
Email sent: 
1
Email sent: 
1
Email sent: 
1
Email sent: 
1
Email sent: 
1
Email sent: 
1
Email sent: 
1
Email sent: 
1
Email sent: 
1
Email sent: 
1
Email sent: 
1
Email sent: 
adduser  user838
user838 signed up
adduser  user731
adduser  user325
user731 signed up
adduser  user111
user325 signed up
user111 signed up
adduser  user42
adduser  user31
user42 signed up
adduser  user954
adduser  user378
user378 signed up
user31 signed up
user954 signed up
adduser  user774
user774 signed up
adduser  user522
adduser  user557
user522 signed up
user557 signed up
adduser  user593
adduser  user387
adduser  user412
user593 signed up
user387 signed up
user412 signed up
adduser  user653
adduser  user53
adduser  user950
user950 signed up
user653 signed up
user53 signed up
adduser  user503
adduser  user571
user571 signed up
user503 signed up
adduser  user402
user402 signed up
1
Email sent: 
1
Email sent: 
1
Email sent: 
1
Email sent: 
1
Email sent: 
1
Email sent: 
1
Email sent: 
1
Email sent: 
1
Email sent: 
1
Email sent: 
1
Email sent: 
1
Email sent: 
1
Email sent: 
1
Email sent: 
1
Email sent: 
1
Email sent: 
1
Email sent: 
1
Email sent: 
1
Email sent: 
1
Email sent: 
adduser  user405
user405 signed up
adduser  user319
user319 signed up
adduser  user979
adduser  user625
user979 signed up
user625 signed up
adduser  user909
user909 signed up
adduser  user63
user63 signed up
adduser  user708
adduser  user235
user708 signed up
user235 signed up
adduser  user310
adduser  user778
user310 signed up
adduser  user212
adduser  user447
adduser  user248
user248 signed up
user778 signed up
user212 signed up
user447 signed up
adduser  user71
adduser  user525
user71 signed up
user525 signed up
adduser  user648
adduser  user334
adduser  user470
adduser  user64
adduser  user779
user334 signed up
user470 signed up
user648 signed up
user64 signed up
user779 signed up
1
Email sent: 
1
Email sent: 
1
Email sent: 
1
Email sent: 
1
Email sent: 
1
Email sent: 
1
Email sent: 
1
Email sent: 
1
Email sent: 
1
Email sent: 
1
Email sent: 
1
Email sent: 
1
Email sent: 
1
Email sent: 
1
Email sent: 
1
Email sent: 
1
Email sent: 
1
Email sent: 
1
Email sent: 
1
Email sent: 
adduser  user671
user671 signed up
adduser  user923
adduser  user690
user923 signed up
user690 signed up
adduser  user271
adduser  user890
user271 signed up
user890 signed up
adduser  user566
user566 signed up
adduser  user84
adduser  user661
user84 signed up
user661 signed up
adduser  user215
user215 signed up
adduser  user202
user202 signed up
adduser  user407
adduser  user737
adduser  user579
user579 signed up
user407 signed up
user737 signed up
adduser  user833
user833 signed up
adduser  user610
adduser  user132
adduser  user888
user610 signed up
user132 signed up
user888 signed up
adduser  user126
adduser  user250
adduser  user863
user126 signed up
user863 signed up
1
Email sent: 
user250 signed up
1
Email sent: 
1
Email sent: 
1
Email sent: 
1
Email sent: 
1
Email sent: 
1
Email sent: 
1
Email sent: 
1
Email sent: 
1
Email sent: 
1
Email sent: 
1
Email sent: 
1
Email sent: 
1
Email sent: 
1
Email sent: 
1
Email sent: 
1
Email sent: 
1
Email sent: 
1
Email sent: 
adduser  BYAbWAv1qz
adduser  eRNCacjm0A
BYAbWAv1qz signed up
eRNCacjm0A signed up
1
Email sent: 
adduser  LNCepzbf6X
adduser  ndX7VJFtAz
adduser  InA6jJsoWi
LNCepzbf6X signed up
ndX7VJFtAz signed up
InA6jJsoWi signed up
1
Email sent: 
1
Email sent: 
1
Email sent: 
1
Email sent: 
1
Email sent: 
adduser  user748
user748 signed up
adduser  user163
user163 signed up
adduser  user987
user987 signed up
adduser  user383
adduser  user430
user383 signed up
user430 signed up
adduser  user274
adduser  user874
adduser  user452
user274 signed up
user874 signed up
user452 signed up
adduser  user268
adduser  user823
user268 signed up
adduser  user943
adduser  user576
user823 signed up
user943 signed up
user576 signed up
adduser  user643
adduser  user190
adduser  user376
adduser  user988
user643 signed up
user190 signed up
user376 signed up
user988 signed up
adduser  user741
adduser  user675
adduser  user18
user18 signed up
user675 signed up
1
Email sent: 
user741 signed up
adduser  user117
user117 signed up
1
Email sent: 
1
Email sent: 
1
Email sent: 
1
Email sent: 
1
Email sent: 
1
Email sent: 
1
Email sent: 
1
Email sent: 
1
Email sent: 
1
Email sent: 
1
Email sent: 
1
Email sent: 
1
Email sent: 
1
Email sent: 
1
Email sent: 
1
Email sent: 
1
Email sent: 
1
Email sent: 
1
Email sent: 
adduser  user118
user118 signed up
adduser  user928
user928 signed up
adduser  user849
user849 signed up
adduser  user517
adduser  user122
user517 signed up
adduser  user476
adduser  user811
adduser  user636
user122 signed up
adduser  user57
adduser  user695
adduser  user963
adduser  user956
adduser  user438
adduser  user73
user636 signed up
user73 signed up
user695 signed up
user963 signed up
user476 signed up
user956 signed up
user811 signed up
user57 signed up
user438 signed up
adduser  user872
adduser  user502
user502 signed up
user872 signed up
adduser  user189
adduser  user261
adduser  user191
adduser  user424
user424 signed up
user191 signed up
user189 signed up
user261 signed up
1
Email sent: 
1
Email sent: 
1
Email sent: 
1
Email sent: 
1
Email sent: 
1
Email sent: 
1
Email sent: 
1
Email sent: 
1
Email sent: 
1
Email sent: 
1
Email sent: 
1
Email sent: 
1
Email sent: 
1
Email sent: 
1
Email sent: 
1
Email sent: 
1
Email sent: 
1
Email sent: 
1
Email sent: 
1
Email sent: 
adduser  user609
user609 signed up
adduser  user861
adduser  user885
user861 signed up
user885 signed up
adduser  user141
adduser  user5
adduser  user142
user142 signed up
user141 signed up
user5 signed up
adduser  user305
user305 signed up
adduser  user275
user275 signed up
adduser  user390
adduser  user147
adduser  user140
user390 signed up
user147 signed up
user140 signed up
adduser  user149
adduser  user658
adduser  user984
adduser  user647
adduser  user373
adduser  user214
user149 signed up
user373 signed up
user658 signed up
user214 signed up
user984 signed up
user647 signed up
adduser  user544
adduser  user494
user494 signed up
user544 signed up
adduser  user677
user677 signed up
1
Email sent: 
1
Email sent: 
1
Email sent: 
1
Email sent: 
1
Email sent: 
1
Email sent: 
1
Email sent: 
1
Email sent: 
1
Email sent: 
1
Email sent: 
1
Email sent: 
1
Email sent: 
1
Email sent: 
1
Email sent: 
1
Email sent: 
1
Email sent: 
1
Email sent: 
1
Email sent: 
1
Email sent: 
1
Email sent: 
adduser  user440
user440 signed up
adduser  user878
user878 signed up
adduser  user783
user783 signed up
1
Email sent: 
1
Email sent: 
1
Email sent: 
adduser  user0
user0 try to loging: 
{ MongoError: E11000 duplicate key error collection: pro.users index: username_1 dup key: { : "user0" }
    at Function.create (/home/ubuntu/pro/user/node_modules/mongodb-core/lib/error.js:43:12)
    at toError (/home/ubuntu/pro/user/node_modules/mongodb/lib/utils.js:149:22)
    at coll.s.topology.insert (/home/ubuntu/pro/user/node_modules/mongodb/lib/operations/collection_ops.js:859:39)
    at /home/ubuntu/pro/user/node_modules/mongodb-core/lib/connection/pool.js:397:18
    at _combinedTickCallback (internal/process/next_tick.js:131:7)
    at process._tickCallback (internal/process/next_tick.js:180:9)
  driver: true,
  name: 'MongoError',
  index: 0,
  code: 11000,
  errmsg: 'E11000 duplicate key error collection: pro.users index: username_1 dup key: { : "user0" }',
  [Symbol(mongoErrorContextSymbol)]: {} }
email-check+user0@grading.cse356.compas.cs.stonybrook.edu  verifed
user0 logined
email-check+user982@grading.cse356.compas.cs.stonybrook.edu  verifed
email-check+user878@grading.cse356.compas.cs.stonybrook.edu  verifed
email-check+user402@grading.cse356.compas.cs.stonybrook.edu  verifed
email-check+user522@grading.cse356.compas.cs.stonybrook.edu  verifed
email-check+user132@grading.cse356.compas.cs.stonybrook.edu  verifed
email-check+user286@grading.cse356.compas.cs.stonybrook.edu  verifed
email-check+user476@grading.cse356.compas.cs.stonybrook.edu  verifed
email-check+user57@grading.cse356.compas.cs.stonybrook.edu  verifed
email-check+user21@grading.cse356.compas.cs.stonybrook.edu  verifed
email-check+user183@grading.cse356.compas.cs.stonybrook.edu  verifed
email-check+user943@grading.cse356.compas.cs.stonybrook.edu  verifed
email-check+LNCepzbf6X-null@grading.cse356.compas.cs.stonybrook.edu  verifed
email-check+eRNCacjm0A-null@grading.cse356.compas.cs.stonybrook.edu  verifed
email-check+InA6jJsoWi-null@grading.cse356.compas.cs.stonybrook.edu  verifed
email-check+BYAbWAv1qz-null@grading.cse356.compas.cs.stonybrook.edu  verifed
email-check+ndX7VJFtAz-null@grading.cse356.compas.cs.stonybrook.edu  verifed
email-check+user261@grading.cse356.compas.cs.stonybrook.edu  verifed
email-check+user424@grading.cse356.compas.cs.stonybrook.edu  verifed
email-check+user928@grading.cse356.compas.cs.stonybrook.edu  verifed
email-check+user874@grading.cse356.compas.cs.stonybrook.edu  verifed
email-check+user642@grading.cse356.compas.cs.stonybrook.edu  verifed
email-check+user407@grading.cse356.compas.cs.stonybrook.edu  verifed
email-check+user189@grading.cse356.compas.cs.stonybrook.edu  verifed
email-check+user63@grading.cse356.compas.cs.stonybrook.edu  verifed
email-check+user158@grading.cse356.compas.cs.stonybrook.edu  verifed
email-check+user690@grading.cse356.compas.cs.stonybrook.edu  verifed
eRNCacjm0A try to loging: 
InA6jJsoWi try to loging: 
eRNCacjm0A logined
InA6jJsoWi logined
BYAbWAv1qz try to loging: 
ndX7VJFtAz try to loging: 
LNCepzbf6X try to loging: 
BYAbWAv1qz logined
ndX7VJFtAz logined
LNCepzbf6X logined
adduser  user0
{ MongoError: E11000 duplicate key error collection: pro.users index: username_1 dup key: { : "user0" }
    at Function.create (/home/ubuntu/pro/user/node_modules/mongodb-core/lib/error.js:43:12)
    at toError (/home/ubuntu/pro/user/node_modules/mongodb/lib/utils.js:149:22)
    at coll.s.topology.insert (/home/ubuntu/pro/user/node_modules/mongodb/lib/operations/collection_ops.js:859:39)
    at /home/ubuntu/pro/user/node_modules/mongodb-core/lib/connection/pool.js:397:18
    at _combinedTickCallback (internal/process/next_tick.js:131:7)
    at process._tickCallback (internal/process/next_tick.js:180:9)
  driver: true,
  name: 'MongoError',
  index: 0,
  code: 11000,
  errmsg: 'E11000 duplicate key error collection: pro.users index: username_1 dup key: { : "user0" }',
  [Symbol(mongoErrorContextSymbol)]: {} }
user0 try to loging: 
email-check+user0@grading.cse356.compas.cs.stonybrook.edu  verifed
user0 logined
adduser  user0
{ MongoError: E11000 duplicate key error collection: pro.users index: username_1 dup key: { : "user0" }
    at Function.create (/home/ubuntu/pro/user/node_modules/mongodb-core/lib/error.js:43:12)
    at toError (/home/ubuntu/pro/user/node_modules/mongodb/lib/utils.js:149:22)
    at coll.s.topology.insert (/home/ubuntu/pro/user/node_modules/mongodb/lib/operations/collection_ops.js:859:39)
    at /home/ubuntu/pro/user/node_modules/mongodb-core/lib/connection/pool.js:397:18
    at _combinedTickCallback (internal/process/next_tick.js:131:7)
    at process._tickCallback (internal/process/next_tick.js:180:9)
  driver: true,
  name: 'MongoError',
  index: 0,
  code: 11000,
  errmsg: 'E11000 duplicate key error collection: pro.users index: username_1 dup key: { : "user0" }',
  [Symbol(mongoErrorContextSymbol)]: {} }
email-check+user0@grading.cse356.compas.cs.stonybrook.edu  verifed
user0 try to loging: 
user0 logined
adduser  user0
adduser  user0
{ MongoError: E11000 duplicate key error collection: pro.users index: username_1 dup key: { : "user0" }
    at Function.create (/home/ubuntu/pro/user/node_modules/mongodb-core/lib/error.js:43:12)
    at toError (/home/ubuntu/pro/user/node_modules/mongodb/lib/utils.js:149:22)
    at coll.s.topology.insert (/home/ubuntu/pro/user/node_modules/mongodb/lib/operations/collection_ops.js:859:39)
    at /home/ubuntu/pro/user/node_modules/mongodb-core/lib/connection/pool.js:397:18
    at _combinedTickCallback (internal/process/next_tick.js:131:7)
    at process._tickCallback (internal/process/next_tick.js:180:9)
  driver: true,
  name: 'MongoError',
  index: 0,
  code: 11000,
  errmsg: 'E11000 duplicate key error collection: pro.users index: username_1 dup key: { : "user0" }',
  [Symbol(mongoErrorContextSymbol)]: {} }
{ MongoError: E11000 duplicate key error collection: pro.users index: username_1 dup key: { : "user0" }
    at Function.create (/home/ubuntu/pro/user/node_modules/mongodb-core/lib/error.js:43:12)
    at toError (/home/ubuntu/pro/user/node_modules/mongodb/lib/utils.js:149:22)
    at coll.s.topology.insert (/home/ubuntu/pro/user/node_modules/mongodb/lib/operations/collection_ops.js:859:39)
    at /home/ubuntu/pro/user/node_modules/mongodb-core/lib/connection/pool.js:397:18
    at _combinedTickCallback (internal/process/next_tick.js:131:7)
    at process._tickCallback (internal/process/next_tick.js:180:9)
  driver: true,
  name: 'MongoError',
  index: 0,
  code: 11000,
  errmsg: 'E11000 duplicate key error collection: pro.users index: username_1 dup key: { : "user0" }',
  [Symbol(mongoErrorContextSymbol)]: {} }
user0 try to loging: 
email-check+user0@grading.cse356.compas.cs.stonybrook.edu  verifed
user0 logined
adduser  user0
{ MongoError: E11000 duplicate key error collection: pro.users index: username_1 dup key: { : "user0" }
    at Function.create (/home/ubuntu/pro/user/node_modules/mongodb-core/lib/error.js:43:12)
    at toError (/home/ubuntu/pro/user/node_modules/mongodb/lib/utils.js:149:22)
    at coll.s.topology.insert (/home/ubuntu/pro/user/node_modules/mongodb/lib/operations/collection_ops.js:859:39)
    at /home/ubuntu/pro/user/node_modules/mongodb-core/lib/connection/pool.js:397:18
    at _combinedTickCallback (internal/process/next_tick.js:131:7)
    at process._tickCallback (internal/process/next_tick.js:180:9)
  driver: true,
  name: 'MongoError',
  index: 0,
  code: 11000,
  errmsg: 'E11000 duplicate key error collection: pro.users index: username_1 dup key: { : "user0" }',
  [Symbol(mongoErrorContextSymbol)]: {} }
email-check+user0@grading.cse356.compas.cs.stonybrook.edu  verifed
user0 try to loging: 
user0 logined
find a user
find a user
find a user
find a user
find a user
find a user
find a user
find a user
find a user
adduser  user0
{ MongoError: E11000 duplicate key error collection: pro.users index: username_1 dup key: { : "user0" }
    at Function.create (/home/ubuntu/pro/user/node_modules/mongodb-core/lib/error.js:43:12)
    at toError (/home/ubuntu/pro/user/node_modules/mongodb/lib/utils.js:149:22)
    at coll.s.topology.insert (/home/ubuntu/pro/user/node_modules/mongodb/lib/operations/collection_ops.js:859:39)
    at /home/ubuntu/pro/user/node_modules/mongodb-core/lib/connection/pool.js:397:18
    at _combinedTickCallback (internal/process/next_tick.js:131:7)
    at process._tickCallback (internal/process/next_tick.js:180:9)
  driver: true,
  name: 'MongoError',
  index: 0,
  code: 11000,
  errmsg: 'E11000 duplicate key error collection: pro.users index: username_1 dup key: { : "user0" }',
  [Symbol(mongoErrorContextSymbol)]: {} }
adduser  user0
{ MongoError: E11000 duplicate key error collection: pro.users index: username_1 dup key: { : "user0" }
    at Function.create (/home/ubuntu/pro/user/node_modules/mongodb-core/lib/error.js:43:12)
    at toError (/home/ubuntu/pro/user/node_modules/mongodb/lib/utils.js:149:22)
    at coll.s.topology.insert (/home/ubuntu/pro/user/node_modules/mongodb/lib/operations/collection_ops.js:859:39)
    at /home/ubuntu/pro/user/node_modules/mongodb-core/lib/connection/pool.js:397:18
    at _combinedTickCallback (internal/process/next_tick.js:131:7)
    at process._tickCallback (internal/process/next_tick.js:180:9)
  driver: true,
  name: 'MongoError',
  index: 0,
  code: 11000,
  errmsg: 'E11000 duplicate key error collection: pro.users index: username_1 dup key: { : "user0" }',
  [Symbol(mongoErrorContextSymbol)]: {} }
email-check+user0@grading.cse356.compas.cs.stonybrook.edu  verifed
user0 try to loging: 
user0 logined
adduser  user0
{ MongoError: E11000 duplicate key error collection: pro.users index: username_1 dup key: { : "user0" }
    at Function.create (/home/ubuntu/pro/user/node_modules/mongodb-core/lib/error.js:43:12)
    at toError (/home/ubuntu/pro/user/node_modules/mongodb/lib/utils.js:149:22)
    at coll.s.topology.insert (/home/ubuntu/pro/user/node_modules/mongodb/lib/operations/collection_ops.js:859:39)
    at /home/ubuntu/pro/user/node_modules/mongodb-core/lib/connection/pool.js:397:18
    at _combinedTickCallback (internal/process/next_tick.js:131:7)
    at process._tickCallback (internal/process/next_tick.js:180:9)
  driver: true,
  name: 'MongoError',
  index: 0,
  code: 11000,
  errmsg: 'E11000 duplicate key error collection: pro.users index: username_1 dup key: { : "user0" }',
  [Symbol(mongoErrorContextSymbol)]: {} }
email-check+user0@grading.cse356.compas.cs.stonybrook.edu  verifed
user0 try to loging: 
user0 logined
find a user
find a user
find a user
adduser  user0
{ MongoError: E11000 duplicate key error collection: pro.users index: username_1 dup key: { : "user0" }
    at Function.create (/home/ubuntu/pro/user/node_modules/mongodb-core/lib/error.js:43:12)
    at toError (/home/ubuntu/pro/user/node_modules/mongodb/lib/utils.js:149:22)
    at coll.s.topology.insert (/home/ubuntu/pro/user/node_modules/mongodb/lib/operations/collection_ops.js:859:39)
    at /home/ubuntu/pro/user/node_modules/mongodb-core/lib/connection/pool.js:397:18
    at _combinedTickCallback (internal/process/next_tick.js:131:7)
    at process._tickCallback (internal/process/next_tick.js:180:9)
  driver: true,
  name: 'MongoError',
  index: 0,
  code: 11000,
  errmsg: 'E11000 duplicate key error collection: pro.users index: username_1 dup key: { : "user0" }',
  [Symbol(mongoErrorContextSymbol)]: {} }
adduser  user0
user0 try to loging: 
email-check+user0@grading.cse356.compas.cs.stonybrook.edu  verifed
{ MongoError: E11000 duplicate key error collection: pro.users index: username_1 dup key: { : "user0" }
    at Function.create (/home/ubuntu/pro/user/node_modules/mongodb-core/lib/error.js:43:12)
    at toError (/home/ubuntu/pro/user/node_modules/mongodb/lib/utils.js:149:22)
    at coll.s.topology.insert (/home/ubuntu/pro/user/node_modules/mongodb/lib/operations/collection_ops.js:859:39)
    at /home/ubuntu/pro/user/node_modules/mongodb-core/lib/connection/pool.js:397:18
    at _combinedTickCallback (internal/process/next_tick.js:131:7)
    at process._tickCallback (internal/process/next_tick.js:180:9)
  driver: true,
  name: 'MongoError',
  index: 0,
  code: 11000,
  errmsg: 'E11000 duplicate key error collection: pro.users index: username_1 dup key: { : "user0" }',
  [Symbol(mongoErrorContextSymbol)]: {} }
user0 logined
adduser  user0
{ MongoError: E11000 duplicate key error collection: pro.users index: username_1 dup key: { : "user0" }
    at Function.create (/home/ubuntu/pro/user/node_modules/mongodb-core/lib/error.js:43:12)
    at toError (/home/ubuntu/pro/user/node_modules/mongodb/lib/utils.js:149:22)
    at coll.s.topology.insert (/home/ubuntu/pro/user/node_modules/mongodb/lib/operations/collection_ops.js:859:39)
    at /home/ubuntu/pro/user/node_modules/mongodb-core/lib/connection/pool.js:397:18
    at _combinedTickCallback (internal/process/next_tick.js:131:7)
    at process._tickCallback (internal/process/next_tick.js:180:9)
  driver: true,
  name: 'MongoError',
  index: 0,
  code: 11000,
  errmsg: 'E11000 duplicate key error collection: pro.users index: username_1 dup key: { : "user0" }',
  [Symbol(mongoErrorContextSymbol)]: {} }
user0 try to loging: 
email-check+user0@grading.cse356.compas.cs.stonybrook.edu  verifed
user0 logined
adduser  user0
adduser  user0
{ MongoError: E11000 duplicate key error collection: pro.users index: username_1 dup key: { : "user0" }
    at Function.create (/home/ubuntu/pro/user/node_modules/mongodb-core/lib/error.js:43:12)
    at toError (/home/ubuntu/pro/user/node_modules/mongodb/lib/utils.js:149:22)
    at coll.s.topology.insert (/home/ubuntu/pro/user/node_modules/mongodb/lib/operations/collection_ops.js:859:39)
    at /home/ubuntu/pro/user/node_modules/mongodb-core/lib/connection/pool.js:397:18
    at _combinedTickCallback (internal/process/next_tick.js:131:7)
    at process._tickCallback (internal/process/next_tick.js:180:9)
  driver: true,
  name: 'MongoError',
  index: 0,
  code: 11000,
  errmsg: 'E11000 duplicate key error collection: pro.users index: username_1 dup key: { : "user0" }',
  [Symbol(mongoErrorContextSymbol)]: {} }
{ MongoError: E11000 duplicate key error collection: pro.users index: username_1 dup key: { : "user0" }
    at Function.create (/home/ubuntu/pro/user/node_modules/mongodb-core/lib/error.js:43:12)
    at toError (/home/ubuntu/pro/user/node_modules/mongodb/lib/utils.js:149:22)
    at coll.s.topology.insert (/home/ubuntu/pro/user/node_modules/mongodb/lib/operations/collection_ops.js:859:39)
    at /home/ubuntu/pro/user/node_modules/mongodb-core/lib/connection/pool.js:397:18
    at _combinedTickCallback (internal/process/next_tick.js:131:7)
    at process._tickCallback (internal/process/next_tick.js:180:9)
  driver: true,
  name: 'MongoError',
  index: 0,
  code: 11000,
  errmsg: 'E11000 duplicate key error collection: pro.users index: username_1 dup key: { : "user0" }',
  [Symbol(mongoErrorContextSymbol)]: {} }
user0 try to loging: 
email-check+user0@grading.cse356.compas.cs.stonybrook.edu  verifed
user0 logined
adduser  user0
adduser  user0
{ MongoError: E11000 duplicate key error collection: pro.users index: username_1 dup key: { : "user0" }
    at Function.create (/home/ubuntu/pro/user/node_modules/mongodb-core/lib/error.js:43:12)
    at toError (/home/ubuntu/pro/user/node_modules/mongodb/lib/utils.js:149:22)
    at coll.s.topology.insert (/home/ubuntu/pro/user/node_modules/mongodb/lib/operations/collection_ops.js:859:39)
    at /home/ubuntu/pro/user/node_modules/mongodb-core/lib/connection/pool.js:397:18
    at _combinedTickCallback (internal/process/next_tick.js:131:7)
    at process._tickCallback (internal/process/next_tick.js:180:9)
  driver: true,
  name: 'MongoError',
  index: 0,
  code: 11000,
  errmsg: 'E11000 duplicate key error collection: pro.users index: username_1 dup key: { : "user0" }',
  [Symbol(mongoErrorContextSymbol)]: {} }
{ MongoError: E11000 duplicate key error collection: pro.users index: username_1 dup key: { : "user0" }
    at Function.create (/home/ubuntu/pro/user/node_modules/mongodb-core/lib/error.js:43:12)
    at toError (/home/ubuntu/pro/user/node_modules/mongodb/lib/utils.js:149:22)
    at coll.s.topology.insert (/home/ubuntu/pro/user/node_modules/mongodb/lib/operations/collection_ops.js:859:39)
    at /home/ubuntu/pro/user/node_modules/mongodb-core/lib/connection/pool.js:397:18
    at _combinedTickCallback (internal/process/next_tick.js:131:7)
    at process._tickCallback (internal/process/next_tick.js:180:9)
  driver: true,
  name: 'MongoError',
  index: 0,
  code: 11000,
  errmsg: 'E11000 duplicate key error collection: pro.users index: username_1 dup key: { : "user0" }',
  [Symbol(mongoErrorContextSymbol)]: {} }
user0 try to loging: 
email-check+user0@grading.cse356.compas.cs.stonybrook.edu  verifed
user0 logined
adduser  user0
adduser  user0
{ MongoError: E11000 duplicate key error collection: pro.users index: username_1 dup key: { : "user0" }
    at Function.create (/home/ubuntu/pro/user/node_modules/mongodb-core/lib/error.js:43:12)
    at toError (/home/ubuntu/pro/user/node_modules/mongodb/lib/utils.js:149:22)
    at coll.s.topology.insert (/home/ubuntu/pro/user/node_modules/mongodb/lib/operations/collection_ops.js:859:39)
    at /home/ubuntu/pro/user/node_modules/mongodb-core/lib/connection/pool.js:397:18
    at _combinedTickCallback (internal/process/next_tick.js:131:7)
    at process._tickCallback (internal/process/next_tick.js:180:9)
  driver: true,
  name: 'MongoError',
  index: 0,
  code: 11000,
  errmsg: 'E11000 duplicate key error collection: pro.users index: username_1 dup key: { : "user0" }',
  [Symbol(mongoErrorContextSymbol)]: {} }
{ MongoError: E11000 duplicate key error collection: pro.users index: username_1 dup key: { : "user0" }
    at Function.create (/home/ubuntu/pro/user/node_modules/mongodb-core/lib/error.js:43:12)
    at toError (/home/ubuntu/pro/user/node_modules/mongodb/lib/utils.js:149:22)
    at coll.s.topology.insert (/home/ubuntu/pro/user/node_modules/mongodb/lib/operations/collection_ops.js:859:39)
    at /home/ubuntu/pro/user/node_modules/mongodb-core/lib/connection/pool.js:397:18
    at _combinedTickCallback (internal/process/next_tick.js:131:7)
    at process._tickCallback (internal/process/next_tick.js:180:9)
  driver: true,
  name: 'MongoError',
  index: 0,
  code: 11000,
  errmsg: 'E11000 duplicate key error collection: pro.users index: username_1 dup key: { : "user0" }',
  [Symbol(mongoErrorContextSymbol)]: {} }
email-check+user0@grading.cse356.compas.cs.stonybrook.edu  verifed
user0 try to loging: 
user0 logined
oiEfkOqWSq try to loging: 
error: find 0 result
adduser  oiEfkOqWSq
oiEfkOqWSq signed up
adduser  oiEfkOqWSq
{ MongoError: E11000 duplicate key error collection: pro.users index: username_1 dup key: { : "oiEfkOqWSq" }
    at Function.create (/home/ubuntu/pro/user/node_modules/mongodb-core/lib/error.js:43:12)
    at toError (/home/ubuntu/pro/user/node_modules/mongodb/lib/utils.js:149:22)
    at coll.s.topology.insert (/home/ubuntu/pro/user/node_modules/mongodb/lib/operations/collection_ops.js:859:39)
    at /home/ubuntu/pro/user/node_modules/mongodb-core/lib/connection/pool.js:397:18
    at _combinedTickCallback (internal/process/next_tick.js:131:7)
    at process._tickCallback (internal/process/next_tick.js:180:9)
  driver: true,
  name: 'MongoError',
  index: 0,
  code: 11000,
  errmsg: 'E11000 duplicate key error collection: pro.users index: username_1 dup key: { : "oiEfkOqWSq" }',
  [Symbol(mongoErrorContextSymbol)]: {} }
oiEfkOqWSq try to loging: 
oiEfkOqWSq false to login
1
Email sent: 
email-check+oiEfkOqWSq-null@grading.cse356.compas.cs.stonybrook.edu  verifed
oiEfkOqWSq try to loging: 
oiEfkOqWSq false to login
oiEfkOqWSq try to loging: 
oiEfkOqWSq logined
find a user
find a user
undefined try to loging: 
error: find 0 result
undefined try to loging: 
error: find 0 result
undefined try to loging: 
error: find 0 result
aa try to loging: 
error: find 0 result
adduser  enrui shi
enrui shi signed up
1
error is:
{ Error: No recipients defined
    at SMTPConnection._formatError (/home/ubuntu/pro/user/node_modules/nodemailer/lib/smtp-connection/index.js:781:19)
    at SMTPConnection._setEnvelope (/home/ubuntu/pro/user/node_modules/nodemailer/lib/smtp-connection/index.js:993:34)
    at SMTPConnection.send (/home/ubuntu/pro/user/node_modules/nodemailer/lib/smtp-connection/index.js:619:14)
    at sendMessage (/home/ubuntu/pro/user/node_modules/nodemailer/lib/smtp-transport/index.js:227:28)
    at connection.connect (/home/ubuntu/pro/user/node_modules/nodemailer/lib/smtp-transport/index.js:288:21)
    at SMTPConnection.once (/home/ubuntu/pro/user/node_modules/nodemailer/lib/smtp-connection/index.js:209:17)
    at Object.onceWrapper (events.js:313:30)
    at emitNone (events.js:106:13)
    at SMTPConnection.emit (events.js:208:7)
    at SMTPConnection._actionEHLO (/home/ubuntu/pro/user/node_modules/nodemailer/lib/smtp-connection/index.js:1309:14) code: 'EENVELOPE', command: 'API' }
 try to loging: 
error: find 0 result
 try to loging: 
error: find 0 result
adduser  Ruojin Zhang
Ruojin Zhang signed up
1
error is:
{ Error: No recipients defined
    at SMTPConnection._formatError (/home/ubuntu/pro/user/node_modules/nodemailer/lib/smtp-connection/index.js:781:19)
    at SMTPConnection._setEnvelope (/home/ubuntu/pro/user/node_modules/nodemailer/lib/smtp-connection/index.js:993:34)
    at SMTPConnection.send (/home/ubuntu/pro/user/node_modules/nodemailer/lib/smtp-connection/index.js:619:14)
    at sendMessage (/home/ubuntu/pro/user/node_modules/nodemailer/lib/smtp-transport/index.js:227:28)
    at connection.connect (/home/ubuntu/pro/user/node_modules/nodemailer/lib/smtp-transport/index.js:288:21)
    at SMTPConnection.once (/home/ubuntu/pro/user/node_modules/nodemailer/lib/smtp-connection/index.js:209:17)
    at Object.onceWrapper (events.js:313:30)
    at emitNone (events.js:106:13)
    at SMTPConnection.emit (events.js:208:7)
    at SMTPConnection._actionEHLO (/home/ubuntu/pro/user/node_modules/nodemailer/lib/smtp-connection/index.js:1309:14) code: 'EENVELOPE', command: 'API' }
adduser  tushi
tushi signed up
1
error is:
{ Error: No recipients defined
    at SMTPConnection._formatError (/home/ubuntu/pro/user/node_modules/nodemailer/lib/smtp-connection/index.js:781:19)
    at SMTPConnection._setEnvelope (/home/ubuntu/pro/user/node_modules/nodemailer/lib/smtp-connection/index.js:993:34)
    at SMTPConnection.send (/home/ubuntu/pro/user/node_modules/nodemailer/lib/smtp-connection/index.js:619:14)
    at sendMessage (/home/ubuntu/pro/user/node_modules/nodemailer/lib/smtp-transport/index.js:227:28)
    at connection.connect (/home/ubuntu/pro/user/node_modules/nodemailer/lib/smtp-transport/index.js:288:21)
    at SMTPConnection.once (/home/ubuntu/pro/user/node_modules/nodemailer/lib/smtp-connection/index.js:209:17)
    at Object.onceWrapper (events.js:313:30)
    at emitNone (events.js:106:13)
    at SMTPConnection.emit (events.js:208:7)
    at SMTPConnection._actionEHLO (/home/ubuntu/pro/user/node_modules/nodemailer/lib/smtp-connection/index.js:1309:14) code: 'EENVELOPE', command: 'API' }
adduser  enrui shi
{ MongoError: E11000 duplicate key error collection: pro.users index: username_1 dup key: { : "enrui shi" }
    at Function.create (/home/ubuntu/pro/user/node_modules/mongodb-core/lib/error.js:43:12)
    at toError (/home/ubuntu/pro/user/node_modules/mongodb/lib/utils.js:149:22)
    at coll.s.topology.insert (/home/ubuntu/pro/user/node_modules/mongodb/lib/operations/collection_ops.js:859:39)
    at /home/ubuntu/pro/user/node_modules/mongodb-core/lib/connection/pool.js:397:18
    at _combinedTickCallback (internal/process/next_tick.js:131:7)
    at process._tickCallback (internal/process/next_tick.js:180:9)
  driver: true,
  name: 'MongoError',
  index: 0,
  code: 11000,
  errmsg: 'E11000 duplicate key error collection: pro.users index: username_1 dup key: { : "enrui shi" }',
  [Symbol(mongoErrorContextSymbol)]: {} }
adduser  enrui shi
{ MongoError: E11000 duplicate key error collection: pro.users index: username_1 dup key: { : "enrui shi" }
    at Function.create (/home/ubuntu/pro/user/node_modules/mongodb-core/lib/error.js:43:12)
    at toError (/home/ubuntu/pro/user/node_modules/mongodb/lib/utils.js:149:22)
    at coll.s.topology.insert (/home/ubuntu/pro/user/node_modules/mongodb/lib/operations/collection_ops.js:859:39)
    at /home/ubuntu/pro/user/node_modules/mongodb-core/lib/connection/pool.js:397:18
    at _combinedTickCallback (internal/process/next_tick.js:131:7)
    at process._tickCallback (internal/process/next_tick.js:180:9)
  driver: true,
  name: 'MongoError',
  index: 0,
  code: 11000,
  errmsg: 'E11000 duplicate key error collection: pro.users index: username_1 dup key: { : "enrui shi" }',
  [Symbol(mongoErrorContextSymbol)]: {} }
adduser  enrui
enrui signed up
1
error is:
{ Error: No recipients defined
    at SMTPConnection._formatError (/home/ubuntu/pro/user/node_modules/nodemailer/lib/smtp-connection/index.js:781:19)
    at SMTPConnection._setEnvelope (/home/ubuntu/pro/user/node_modules/nodemailer/lib/smtp-connection/index.js:993:34)
    at SMTPConnection.send (/home/ubuntu/pro/user/node_modules/nodemailer/lib/smtp-connection/index.js:619:14)
    at sendMessage (/home/ubuntu/pro/user/node_modules/nodemailer/lib/smtp-transport/index.js:227:28)
    at connection.connect (/home/ubuntu/pro/user/node_modules/nodemailer/lib/smtp-transport/index.js:288:21)
    at SMTPConnection.once (/home/ubuntu/pro/user/node_modules/nodemailer/lib/smtp-connection/index.js:209:17)
    at Object.onceWrapper (events.js:313:30)
    at emitNone (events.js:106:13)
    at SMTPConnection.emit (events.js:208:7)
    at SMTPConnection._actionEHLO (/home/ubuntu/pro/user/node_modules/nodemailer/lib/smtp-connection/index.js:1309:14) code: 'EENVELOPE', command: 'API' }
adduser  stone
stone signed up
1
error is:
{ Error: No recipients defined
    at SMTPConnection._formatError (/home/ubuntu/pro/user/node_modules/nodemailer/lib/smtp-connection/index.js:781:19)
    at SMTPConnection._setEnvelope (/home/ubuntu/pro/user/node_modules/nodemailer/lib/smtp-connection/index.js:993:34)
    at SMTPConnection.send (/home/ubuntu/pro/user/node_modules/nodemailer/lib/smtp-connection/index.js:619:14)
    at sendMessage (/home/ubuntu/pro/user/node_modules/nodemailer/lib/smtp-transport/index.js:227:28)
    at connection.connect (/home/ubuntu/pro/user/node_modules/nodemailer/lib/smtp-transport/index.js:288:21)
    at SMTPConnection.once (/home/ubuntu/pro/user/node_modules/nodemailer/lib/smtp-connection/index.js:209:17)
    at Object.onceWrapper (events.js:313:30)
    at emitNone (events.js:106:13)
    at SMTPConnection.emit (events.js:208:7)
    at SMTPConnection._actionEHLO (/home/ubuntu/pro/user/node_modules/nodemailer/lib/smtp-connection/index.js:1309:14) code: 'EENVELOPE', command: 'API' }
adduser  shitu
shitu signed up
1
error is:
{ Error: No recipients defined
    at SMTPConnection._formatError (/home/ubuntu/pro/user/node_modules/nodemailer/lib/smtp-connection/index.js:781:19)
    at SMTPConnection._setEnvelope (/home/ubuntu/pro/user/node_modules/nodemailer/lib/smtp-connection/index.js:993:34)
    at SMTPConnection.send (/home/ubuntu/pro/user/node_modules/nodemailer/lib/smtp-connection/index.js:619:14)
    at sendMessage (/home/ubuntu/pro/user/node_modules/nodemailer/lib/smtp-transport/index.js:227:28)
    at connection.connect (/home/ubuntu/pro/user/node_modules/nodemailer/lib/smtp-transport/index.js:288:21)
    at SMTPConnection.once (/home/ubuntu/pro/user/node_modules/nodemailer/lib/smtp-connection/index.js:209:17)
    at Object.onceWrapper (events.js:313:30)
    at emitNone (events.js:106:13)
    at SMTPConnection.emit (events.js:208:7)
    at SMTPConnection._actionEHLO (/home/ubuntu/pro/user/node_modules/nodemailer/lib/smtp-connection/index.js:1309:14) code: 'EENVELOPE', command: 'API' }
adduser  shitu
{ MongoError: E11000 duplicate key error collection: pro.users index: username_1 dup key: { : "shitu" }
    at Function.create (/home/ubuntu/pro/user/node_modules/mongodb-core/lib/error.js:43:12)
    at toError (/home/ubuntu/pro/user/node_modules/mongodb/lib/utils.js:149:22)
    at coll.s.topology.insert (/home/ubuntu/pro/user/node_modules/mongodb/lib/operations/collection_ops.js:859:39)
    at /home/ubuntu/pro/user/node_modules/mongodb-core/lib/connection/pool.js:397:18
    at _combinedTickCallback (internal/process/next_tick.js:131:7)
    at process._tickCallback (internal/process/next_tick.js:180:9)
  driver: true,
  name: 'MongoError',
  index: 0,
  code: 11000,
  errmsg: 'E11000 duplicate key error collection: pro.users index: username_1 dup key: { : "shitu" }',
  [Symbol(mongoErrorContextSymbol)]: {} }
adduser  shitu
{ MongoError: E11000 duplicate key error collection: pro.users index: username_1 dup key: { : "shitu" }
    at Function.create (/home/ubuntu/pro/user/node_modules/mongodb-core/lib/error.js:43:12)
    at toError (/home/ubuntu/pro/user/node_modules/mongodb/lib/utils.js:149:22)
    at coll.s.topology.insert (/home/ubuntu/pro/user/node_modules/mongodb/lib/operations/collection_ops.js:859:39)
    at /home/ubuntu/pro/user/node_modules/mongodb-core/lib/connection/pool.js:397:18
    at _combinedTickCallback (internal/process/next_tick.js:131:7)
    at process._tickCallback (internal/process/next_tick.js:180:9)
  driver: true,
  name: 'MongoError',
  index: 0,
  code: 11000,
  errmsg: 'E11000 duplicate key error collection: pro.users index: username_1 dup key: { : "shitu" }',
  [Symbol(mongoErrorContextSymbol)]: {} }
adduser  shitu
shitu signed up
1
Email sent: 
ruojin.zhang@stonybrook.edu  verifed
asdf try to loging: 
error: find 0 result
aad try to loging: 
error: find 0 result
aa try to loging: 
error: find 0 result
aaa try to loging: 
error: find 0 result
aa try to loging: 
error: find 0 result
asdf try to loging: 
error: find 0 result
asdf try to loging: 
error: find 0 result
asdf try to loging: 
error: find 0 result
aa try to loging: 
error: find 0 result
asdfa try to loging: 
error: find 0 result
